[2026-02-26T15:18:40.802Z] Attempting login for: [lawrenceantwi@gmail.com]
[2026-02-26T15:18:40.808Z] Prisma keys: _originalClient, _middlewares, _createPrismaPromise, $extends, _extensions, _previewFeatures, _clientVersion, _activeProvider, _globalOmit, _tracingHelper, _errorFormat, _runtimeDataModel, _engineConfig, _accelerateEngineConfig, _engine, _requestHandler, _metrics, _appliedParent, accounts, activity_log, admin_accounts, attendance, attendance_tokens, blog_views, blogs, budget_settings, comments, communication_settings, content_calendar, departments, draft_departments, draft_ministries, drafts, email_logs, emergency_contacts, event_tags, event_volunteer_roles, events, expenses, financial_summary, gallery_albums, gallery_likes, gallery_media, gallery_views, generated_reports, hashtag_performance, login_attempts, member_departments, member_ministries, members, message_group_members, message_groups, message_recipients, message_templates, messages, ministries, offerings, project_offerings, received_emails, scheduled_messages, sermon_analytics, sermon_categories, sermon_comments, sermon_scriptures, sermon_series, sermons, sessions, sms_logs, social_media_accounts, social_media_analytics, social_media_campaigns, social_media_interactions, social_media_posts, tithes, users, verification_tokens, visitor_followups, visitors, welcome_actions, welfare_contributions, withdrawals, $parent
[2026-02-26T15:18:40.813Z] DB error in credentials authorize: Cannot read properties of undefined (reading 'findUnique')
[2026-02-26T15:18:40.816Z] Stack: TypeError: Cannot read properties of undefined (reading 'findUnique')
    at Object.authorize (C:\xampp\htdocs\Church_Management_System\Church_Management_System\.next\dev\server\chunks\[root-of-the-server]__131e11ad._.js:185:176)
    at Module.callback (C:\xampp\htdocs\Church_Management_System\Church_Management_System\.next\dev\server\chunks\97170_@auth_core_17c76a4c._.js:4307:54)
    at AuthInternal (C:\xampp\htdocs\Church_Management_System\Church_Management_System\.next\dev\server\chunks\97170_@auth_core_17c76a4c._.js:5148:241)
    at async Auth (C:\xampp\htdocs\Church_Management_System\Church_Management_System\.next\dev\server\chunks\97170_@auth_core_17c76a4c._.js:5370:34)
    at async AppRouteRouteModule.do (C:\xampp\htdocs\Church_Management_System\Church_Management_System\node_modules\next\dist\compiled\next-server\app-route-turbo.runtime.dev.js:5:37866)
    at async AppRouteRouteModule.handle (C:\xampp\htdocs\Church_Management_System\Church_Management_System\node_modules\next\dist\compiled\next-server\app-route-turbo.runtime.dev.js:5:45156)
    at async responseGenerator (C:\xampp\htdocs\Church_Management_System\Church_Management_System\.next\dev\server\chunks\node_modules_next_0b8a9d87._.js:17148:38)
    at async AppRouteRouteModule.handleResponse (C:\xampp\htdocs\Church_Management_System\Church_Management_System\node_modules\next\dist\compiled\next-server\app-route-turbo.runtime.dev.js:1:191938)
    at async handleResponse (C:\xampp\htdocs\Church_Management_System\Church_Management_System\.next\dev\server\chunks\node_modules_next_0b8a9d87._.js:17211:32)
    at async Module.handler (C:\xampp\htdocs\Church_Management_System\Church_Management_System\.next\dev\server\chunks\node_modules_next_0b8a9d87._.js:17264:13)
    at async DevServer.renderToResponseWithComponentsImpl (C:\xampp\htdocs\Church_Management_System\Church_Management_System\node_modules\next\dist\server\base-server.js:1442:9)
    at async DevServer.renderPageComponent (C:\xampp\htdocs\Church_Management_System\Church_Management_System\node_modules\next\dist\server\base-server.js:1494:24)
    at async DevServer.renderToResponseImpl (C:\xampp\htdocs\Church_Management_System\Church_Management_System\node_modules\next\dist\server\base-server.js:1544:32)
    at async DevServer.pipeImpl (C:\xampp\htdocs\Church_Management_System\Church_Management_System\node_modules\next\dist\server\base-server.js:1038:25)
    at async NextNodeServer.handleCatchallRenderRequest (C:\xampp\htdocs\Church_Management_System\Church_Management_System\node_modules\next\dist\server\next-server.js:395:17)
    at async DevServer.handleRequestImpl (C:\xampp\htdocs\Church_Management_System\Church_Management_System\node_modules\next\dist\server\base-server.js:929:17)
    at async C:\xampp\htdocs\Church_Management_System\Church_Management_System\node_modules\next\dist\server\dev\next-dev-server.js:387:20
    at async Span.traceAsyncFn (C:\xampp\htdocs\Church_Management_System\Church_Management_System\node_modules\next\dist\trace\trace.js:157:20)
    at async DevServer.handleRequest (C:\xampp\htdocs\Church_Management_System\Church_Management_System\node_modules\next\dist\server\dev\next-dev-server.js:383:24)
    at async invokeRender (C:\xampp\htdocs\Church_Management_System\Church_Management_System\node_modules\next\dist\server\lib\router-server.js:248:21)
    at async handleRequest (C:\xampp\htdocs\Church_Management_System\Church_Management_System\node_modules\next\dist\server\lib\router-server.js:447:24)
    at async requestHandlerImpl (C:\xampp\htdocs\Church_Management_System\Church_Management_System\node_modules\next\dist\server\lib\router-server.js:496:13)
    at async Server.requestListener (C:\xampp\htdocs\Church_Management_System\Church_Management_System\node_modules\next\dist\server\lib\start-server.js:226:13)
[2026-02-26T15:19:24.108Z] Attempting login for: [lawrenceantwi@gmail.com]
[2026-02-26T15:19:24.111Z] Prisma keys: _originalClient, _middlewares, _createPrismaPromise, $extends, _extensions, _previewFeatures, _clientVersion, _activeProvider, _globalOmit, _tracingHelper, _errorFormat, _runtimeDataModel, _engineConfig, _accelerateEngineConfig, _engine, _requestHandler, _metrics, _appliedParent, activityLog, adminAccount, attendance, attendanceToken, blog, blogView, budgetSetting, comment, communicationSetting, contentCalendar, department, draft, draftDepartment, draftMinistry, emailLog, emergencyContact, event, eventTag, eventVolunteerRole, expense, financialSummary, galleryAlbum, galleryLike, galleryMedia, galleryView, generatedReport, hashtagPerformance, loginAttempt, member, memberDepartment, memberMinistry, message, messageGroup, messageGroupMember, messageRecipient, messageTemplate, ministry, offering, projectOffering, receivedEmail, scheduledMessage, sermon, sermonAnalytics, sermonCategory, sermonComment, sermonScripture, sermonSeries, smsLog, socialMediaAccount, socialMediaAnalytics, socialMediaCampaign, socialMediaInteraction, socialMediaPost, tithe, user, account, session, verificationToken, visitor, visitorFollowup, welcomeAction, welfareContribution, withdrawal, $parent
[2026-02-26T15:19:24.343Z] Admin found: [lawrenceantwi@gmail.com]
[2026-02-26T15:19:24.503Z] Password valid? true
[2026-02-26T15:19:24.505Z] Admin login successful: lawrenceantwi@gmail.com
[2026-02-26T16:16:21.310Z] Attempting login for: [lawrenceantwi@gmail.com]
[2026-02-26T16:16:21.313Z] Prisma keys: _originalClient, _middlewares, _createPrismaPromise, $extends, _extensions, _previewFeatures, _clientVersion, _activeProvider, _globalOmit, _tracingHelper, _errorFormat, _runtimeDataModel, _engineConfig, _accelerateEngineConfig, _engine, _requestHandler, _metrics, _appliedParent, activityLog, adminAccount, attendance, attendanceToken, blog, blogView, budgetSetting, comment, communicationSetting, contentCalendar, department, draft, draftDepartment, draftMinistry, emailLog, emergencyContact, event, eventTag, eventVolunteerRole, expense, financialSummary, galleryAlbum, galleryLike, galleryMedia, galleryView, generatedReport, hashtagPerformance, loginAttempt, member, memberDepartment, memberMinistry, message, messageGroup, messageGroupMember, messageRecipient, messageTemplate, ministry, offering, projectOffering, receivedEmail, scheduledMessage, sermon, sermonAnalytics, sermonCategory, sermonComment, sermonScripture, sermonSeries, smsLog, socialMediaAccount, socialMediaAnalytics, socialMediaCampaign, socialMediaInteraction, socialMediaPost, tithe, user, account, session, verificationToken, visitor, visitorFollowup, welcomeAction, welfareContribution, withdrawal, $parent
[2026-02-26T16:16:21.330Z] Admin found: [lawrenceantwi@gmail.com]
[2026-02-26T16:16:21.478Z] Password valid? true
[2026-02-26T16:16:21.479Z] Admin login successful: lawrenceantwi@gmail.com
[2026-02-27T08:58:13.855Z] Attempting login for: [lawrenceantwi@gmail.com]
[2026-02-27T08:58:13.857Z] Prisma keys: _originalClient, _middlewares, _createPrismaPromise, $extends, _extensions, _previewFeatures, _clientVersion, _activeProvider, _globalOmit, _tracingHelper, _errorFormat, _runtimeDataModel, _engineConfig, _accelerateEngineConfig, _engine, _requestHandler, _metrics, _appliedParent, activityLog, adminAccount, attendance, attendanceToken, blog, blogView, budgetSetting, comment, communicationSetting, contentCalendar, department, draft, draftDepartment, draftMinistry, emailLog, emergencyContact, event, eventTag, eventVolunteerRole, expense, financialSummary, galleryAlbum, galleryLike, galleryMedia, galleryView, generatedReport, hashtagPerformance, loginAttempt, member, memberDepartment, memberMinistry, message, messageGroup, messageGroupMember, messageRecipient, messageTemplate, ministry, offering, projectOffering, receivedEmail, scheduledMessage, sermon, sermonAnalytics, sermonCategory, sermonComment, sermonScripture, sermonSeries, smsLog, socialMediaAccount, socialMediaAnalytics, socialMediaCampaign, socialMediaInteraction, socialMediaPost, tithe, user, account, session, verificationToken, visitor, visitorFollowup, welcomeAction, welfareContribution, withdrawal, $parent
[2026-02-27T08:58:13.877Z] Admin found: [lawrenceantwi@gmail.com]
[2026-02-27T08:58:13.978Z] Password valid? true
[2026-02-27T08:58:13.979Z] Admin login successful: lawrenceantwi@gmail.com
[2026-02-27T10:58:02.791Z] Attempting login for: [lawrenceantwi@gmail.com]
[2026-02-27T10:58:02.794Z] Prisma keys: _originalClient, _middlewares, _createPrismaPromise, $extends, _extensions, _previewFeatures, _clientVersion, _activeProvider, _globalOmit, _tracingHelper, _errorFormat, _runtimeDataModel, _engineConfig, _accelerateEngineConfig, _engine, _requestHandler, _metrics, _appliedParent, activityLog, adminAccount, attendance, attendanceToken, blog, blogView, budgetSetting, comment, communicationSetting, contentCalendar, department, draft, draftDepartment, draftMinistry, emailLog, emergencyContact, event, eventTag, eventVolunteerRole, expense, financialSummary, galleryAlbum, galleryLike, galleryMedia, galleryView, generatedReport, hashtagPerformance, loginAttempt, member, memberDepartment, memberMinistry, message, messageGroup, messageGroupMember, messageRecipient, messageTemplate, ministry, offering, projectOffering, receivedEmail, scheduledMessage, sermon, sermonAnalytics, sermonCategory, sermonComment, sermonScripture, sermonSeries, smsLog, socialMediaAccount, socialMediaAnalytics, socialMediaCampaign, socialMediaInteraction, socialMediaPost, tithe, user, account, session, verificationToken, visitor, visitorFollowup, welcomeAction, welfareContribution, withdrawal, $parent
[2026-02-27T10:58:02.810Z] Admin found: [lawrenceantwi@gmail.com]
[2026-02-27T10:58:02.928Z] Password valid? true
[2026-02-27T10:58:02.929Z] Admin login successful: lawrenceantwi@gmail.com
[2026-03-03T06:54:57.351Z] Attempting login for: [lawrenceantwi@gmail.com]
[2026-03-03T06:54:57.355Z] Prisma keys: _originalClient, _middlewares, _createPrismaPromise, $extends, _extensions, _previewFeatures, _clientVersion, _activeProvider, _globalOmit, _tracingHelper, _errorFormat, _runtimeDataModel, _engineConfig, _accelerateEngineConfig, _engine, _requestHandler, _metrics, _appliedParent, activityLog, adminAccount, attendance, attendanceToken, blog, blogView, budgetSetting, comment, communicationSetting, contentCalendar, department, draft, draftDepartment, draftMinistry, emailLog, emergencyContact, event, eventTag, eventVolunteerRole, expense, financialSummary, galleryAlbum, galleryLike, galleryMedia, galleryView, generatedReport, hashtagPerformance, loginAttempt, member, memberDepartment, memberMinistry, message, messageGroup, messageGroupMember, messageRecipient, messageTemplate, ministry, offering, projectOffering, receivedEmail, scheduledMessage, sermon, sermonAnalytics, sermonCategory, sermonComment, sermonScripture, sermonSeries, smsLog, socialMediaAccount, socialMediaAnalytics, socialMediaCampaign, socialMediaInteraction, socialMediaPost, tithe, user, account, session, verificationToken, visitor, visitorFollowup, welcomeAction, welfareContribution, withdrawal, $parent
[2026-03-03T06:54:57.387Z] Admin found: [lawrenceantwi@gmail.com]
[2026-03-03T06:54:57.552Z] Password valid? true
[2026-03-03T06:54:57.552Z] Admin login successful: lawrenceantwi@gmail.com
