
> church-management-system@0.1.0 build
> next build

▲ Next.js 16.1.6 (Turbopack)
- Environments: .env

  Creating an optimized production build ...
Turbopack build encountered 1 warnings:
./app/api/admin/sermons/create/route.ts:8:14
Next.js can't recognize the exported `config` field in route. Page config in `config` is deprecated and ignored, use individual exports instead.
[0m [90m  6 |[39m [36mconst[39m prisma [33m=[39m [36mnew[39m [33mPrismaClient[39m()[33m;[39m
 [90m  7 |[39m
[31m[1m>[22m[39m[90m  8 |[39m [36mexport[39m [36mconst[39m config [33m=[39m {
 [90m    |[39m              [31m[1m^[22m[39m[31m[1m^[22m[39m[31m[1m^[22m[39m[31m[1m^[22m[39m[31m[1m^[22m[39m[31m[1m^[22m[39m
 [90m  9 |[39m     api[33m:[39m {
 [90m 10 |[39m         bodyParser[33m:[39m [36mfalse[39m[33m,[39m [90m// Disabling Next.js body parser to handle FormData manually if needed, but standard Request works fine usually for App Router[39m
 [90m 11 |[39m     }[33m,[39m[0m

The exported configuration object in a source file needs to have a very specific format from which some properties can be statically parsed at compiled-time.

https://nextjs.org/docs/app/api-reference/file-conventions/route-segment-config


✓ Compiled successfully in 27.2s
  Running TypeScript ...
  Collecting page data using 11 workers ...
  Generating static pages using 11 workers (0/28) ...
  Generating static pages using 11 workers (7/28) 
  Generating static pages using 11 workers (14/28) 
  Generating static pages using 11 workers (21/28) 
Error fetching member stats: Error [PrismaClientInitializationError]: 
Invalid `prisma.member.count()` invocation:


Too many database connections opened: FATAL: sorry, too many clients already
    at async j (C:\xampp\htdocs\Church_Management_System\Church_Management_System\.next\server\chunks\ssr\_df0c15bd._.js:23:864)
    at async f (C:\xampp\htdocs\Church_Management_System\Church_Management_System\.next\server\chunks\ssr\[root-of-the-server]__d98632d4._.js:1:1516) {
  clientVersion: '5.22.0',
  errorCode: undefined
}
Error fetching members: Error [PrismaClientInitializationError]: 
Invalid `prisma.member.findMany()` invocation:


Too many database connections opened: FATAL: sorry, too many clients already
    at async l (C:\xampp\htdocs\Church_Management_System\Church_Management_System\.next\server\chunks\ssr\_df0c15bd._.js:23:2780)
    at async f (C:\xampp\htdocs\Church_Management_System\Church_Management_System\.next\server\chunks\ssr\[root-of-the-server]__d98632d4._.js:1:1547) {
  clientVersion: '5.22.0',
  errorCode: undefined
}
Insight 1 query failed, skipping Error [PrismaClientInitializationError]: 
Invalid `prisma.$queryRaw()` invocation:


Too many database connections opened: FATAL: sorry, too many clients already
    at async m (C:\xampp\htdocs\Church_Management_System\Church_Management_System\.next\server\chunks\ssr\_df0c15bd._.js:23:3619)
    at async f (C:\xampp\htdocs\Church_Management_System\Church_Management_System\.next\server\chunks\ssr\[root-of-the-server]__d98632d4._.js:1:1575) {
  clientVersion: '5.22.0',
  errorCode: undefined
}
Insight 2 query failed, skipping Error [PrismaClientInitializationError]: 
Invalid `prisma.$queryRaw()` invocation:


Too many database connections opened: FATAL: sorry, too many clients already
    at async m (C:\xampp\htdocs\Church_Management_System\Church_Management_System\.next\server\chunks\ssr\_df0c15bd._.js:32:311)
    at async f (C:\xampp\htdocs\Church_Management_System\Church_Management_System\.next\server\chunks\ssr\[root-of-the-server]__d98632d4._.js:1:1575) {
  clientVersion: '5.22.0',
  errorCode: undefined
}
Error getting member insights: Error [PrismaClientInitializationError]: 
Invalid `prisma.member.count()` invocation:


Too many database connections opened: FATAL: sorry, too many clients already
    at async m (C:\xampp\htdocs\Church_Management_System\Church_Management_System\.next\server\chunks\ssr\_df0c15bd._.js:41:327)
    at async f (C:\xampp\htdocs\Church_Management_System\Church_Management_System\.next\server\chunks\ssr\[root-of-the-server]__d98632d4._.js:1:1575) {
  clientVersion: '5.22.0',
  errorCode: undefined
}
✓ Generating static pages using 11 workers (28/28) in 3.1s
  Finalizing page optimization ...

Route (app)
┌ ○ /
├ ○ /_not-found
├ ○ /admin/add_finance
├ ○ /admin/add-blog
├ ○ /admin/add-event
├ ○ /admin/add-gallery
├ ○ /admin/add-member
├ ○ /admin/add-member/success
├ ○ /admin/add-sermon
├ ○ /admin/dashboard
├ ○ /admin/members
├ ƒ /api/admin/blogs/create
├ ƒ /api/admin/dashboard-stats
├ ƒ /api/admin/events/create
├ ƒ /api/admin/finance/balance
├ ƒ /api/admin/finance/create
├ ƒ /api/admin/finance/delete
├ ƒ /api/admin/finance/records
├ ƒ /api/admin/finance/withdraw
├ ƒ /api/admin/gallery/create
├ ƒ /api/admin/insights
├ ƒ /api/admin/members/create
├ ƒ /api/admin/members/search
├ ƒ /api/admin/recent-activities
├ ƒ /api/admin/sermons/create
└ ƒ /api/admin/upcoming-events


○  (Static)   prerendered as static content
ƒ  (Dynamic)  server-rendered on demand

